{"/Users/thanoskaloudis/Desktop/Projects/interview-frontend-Thanoskaloudis/src/components/Selection/Selection.tsx": {"path":"/Users/thanoskaloudis/Desktop/Projects/interview-frontend-Thanoskaloudis/src/components/Selection/Selection.tsx","statementMap":{"0":{"start":{"line":2,"column":0},"end":{"line":2,"column":52}},"1":{"start":{"line":3,"column":0},"end":{"line":3,"column":37}},"2":{"start":{"line":6,"column":25},"end":{"line":63,"column":1}},"3":{"start":{"line":7,"column":17},"end":{"line":7,"column":47}},"4":{"start":{"line":8,"column":18},"end":{"line":8,"column":40}},"5":{"start":{"line":9,"column":45},"end":{"line":9,"column":57}},"6":{"start":{"line":9,"column":21},"end":{"line":9,"column":23}},"7":{"start":{"line":9,"column":41},"end":{"line":9,"column":45}},"8":{"start":{"line":10,"column":49},"end":{"line":10,"column":60}},"9":{"start":{"line":10,"column":23},"end":{"line":10,"column":25}},"10":{"start":{"line":10,"column":45},"end":{"line":10,"column":49}},"11":{"start":{"line":11,"column":45},"end":{"line":11,"column":57}},"12":{"start":{"line":11,"column":21},"end":{"line":11,"column":23}},"13":{"start":{"line":11,"column":41},"end":{"line":11,"column":45}},"14":{"start":{"line":12,"column":50},"end":{"line":12,"column":65}},"15":{"start":{"line":12,"column":25},"end":{"line":12,"column":27}},"16":{"start":{"line":12,"column":46},"end":{"line":12,"column":50}},"17":{"start":{"line":13,"column":23},"end":{"line":13,"column":32}},"18":{"start":{"line":15,"column":26},"end":{"line":20,"column":3}},"19":{"start":{"line":16,"column":4},"end":{"line":16,"column":27}},"20":{"start":{"line":18,"column":4},"end":{"line":18,"column":29}},"21":{"start":{"line":19,"column":4},"end":{"line":19,"column":29}},"22":{"start":{"line":22,"column":2},"end":{"line":36,"column":78}},"23":{"start":{"line":23,"column":4},"end":{"line":27,"column":null}},"24":{"start":{"line":24,"column":6},"end":{"line":24,"column":32}},"25":{"start":{"line":26,"column":6},"end":{"line":26,"column":33}},"26":{"start":{"line":29,"column":4},"end":{"line":33,"column":null}},"27":{"start":{"line":30,"column":6},"end":{"line":30,"column":43}},"28":{"start":{"line":32,"column":6},"end":{"line":32,"column":31}},"29":{"start":{"line":35,"column":4},"end":{"line":35,"column":null}},"30":{"start":{"line":38,"column":16},"end":{"line":48,"column":4}},"31":{"start":{"line":38,"column":52},"end":{"line":48,"column":4}},"32":{"start":{"line":43,"column":22},"end":{"line":43,"column":null}},"33":{"start":{"line":50,"column":2},"end":{"line":62,"column":4}},"34":{"start":{"line":6,"column":13},"end":{"line":6,"column":25}}},"fnMap":{"0":{"name":"(anonymous_2)","decl":{"start":{"line":6,"column":25},"end":{"line":6,"column":26}},"loc":{"start":{"line":6,"column":39},"end":{"line":63,"column":1}}},"1":{"name":"(anonymous_3)","decl":{"start":{"line":15,"column":26},"end":{"line":15,"column":27}},"loc":{"start":{"line":15,"column":80},"end":{"line":20,"column":3}}},"2":{"name":"(anonymous_4)","decl":{"start":{"line":22,"column":12},"end":{"line":22,"column":null}},"loc":{"start":{"line":22,"column":12},"end":{"line":36,"column":3}}},"3":{"name":"(anonymous_5)","decl":{"start":{"line":38,"column":40},"end":{"line":38,"column":41}},"loc":{"start":{"line":38,"column":47},"end":{"line":38,"column":null}}},"4":{"name":"(anonymous_6)","decl":{"start":{"line":43,"column":15},"end":{"line":43,"column":16}},"loc":{"start":{"line":43,"column":17},"end":{"line":43,"column":37}}}},"branchMap":{"0":{"loc":{"start":{"line":23,"column":4},"end":{"line":27,"column":null}},"type":"if","locations":[{"start":{"line":23,"column":4},"end":{"line":27,"column":null}},{"start":{"line":25,"column":11},"end":{"line":27,"column":null}}]},"1":{"loc":{"start":{"line":29,"column":4},"end":{"line":33,"column":null}},"type":"if","locations":[{"start":{"line":29,"column":4},"end":{"line":33,"column":null}},{"start":{"line":31,"column":11},"end":{"line":33,"column":null}}]},"2":{"loc":{"start":{"line":44,"column":48},"end":{"line":44,"column":90}},"type":"binary-expr","locations":[{"start":{"line":44,"column":48},"end":{"line":44,"column":76}},{"start":{"line":44,"column":80},"end":{"line":44,"column":90}}]},"3":{"loc":{"start":{"line":55,"column":9},"end":{"line":55,"column":48}},"type":"binary-expr","locations":[{"start":{"line":55,"column":9},"end":{"line":55,"column":32}},{"start":{"line":55,"column":36},"end":{"line":55,"column":48}}]},"4":{"loc":{"start":{"line":57,"column":9},"end":{"line":57,"column":24}},"type":"binary-expr","locations":[{"start":{"line":57,"column":9},"end":{"line":57,"column":13}},{"start":{"line":57,"column":17},"end":{"line":57,"column":24}}]},"5":{"loc":{"start":{"line":60,"column":7},"end":{"line":60,"column":112}},"type":"cond-expr","locations":[{"start":{"line":60,"column":26},"end":{"line":60,"column":107}},{"start":{"line":60,"column":110},"end":{"line":60,"column":112}}]}},"s":{"0":1,"1":1,"2":1,"3":8,"4":8,"5":8,"6":8,"7":8,"8":8,"9":8,"10":8,"11":8,"12":8,"13":8,"14":8,"15":8,"16":8,"17":8,"18":8,"19":1,"20":1,"21":1,"22":8,"23":3,"24":0,"25":3,"26":3,"27":0,"28":3,"29":3,"30":8,"31":32,"32":1,"33":8,"34":1},"f":{"0":8,"1":1,"2":3,"3":32,"4":1},"b":{"0":[0,3],"1":[0,3],"2":[32,1],"3":[8,4],"4":[8,8],"5":[0,8]}}
}
