TN:
SF:src/components/Selection/Selection.tsx
FN:6,(anonymous_2)
FN:15,(anonymous_3)
FN:22,(anonymous_4)
FN:38,(anonymous_5)
FN:43,(anonymous_6)
FNF:5
FNH:5
FNDA:8,(anonymous_2)
FNDA:1,(anonymous_3)
FNDA:3,(anonymous_4)
FNDA:32,(anonymous_5)
FNDA:1,(anonymous_6)
DA:2,1
DA:3,1
DA:6,1
DA:7,8
DA:8,8
DA:9,8
DA:10,8
DA:11,8
DA:12,8
DA:13,8
DA:15,8
DA:16,1
DA:18,1
DA:19,1
DA:22,8
DA:23,3
DA:24,0
DA:26,3
DA:29,3
DA:30,0
DA:32,3
DA:35,3
DA:38,32
DA:43,1
DA:50,8
LF:25
LH:23
BRDA:23,0,0,0
BRDA:23,0,1,3
BRDA:29,1,0,0
BRDA:29,1,1,3
BRDA:44,2,0,32
BRDA:44,2,1,1
BRDA:55,3,0,8
BRDA:55,3,1,4
BRDA:57,4,0,8
BRDA:57,4,1,8
BRDA:60,5,0,0
BRDA:60,5,1,8
BRF:12
BRH:9
end_of_record
